<?xml version="1.0" encoding="UTF-8"?>
<!-- Generated by org.testng.reporters.JUnitReportReporter -->
<testsuite hostname="DESKTOP-KG5USG9" failures="0" tests="2" name="testMgg.basic_test_ng" time="0.039" errors="0" timestamp="2023-03-18T11:07:26 IST" skipped="0">
  <testcase classname="testMgg.basic_test_ng" name="f" time="0.034"/>
  <system-out/>
  <testcase classname="testMgg.basic_test_ng" name="g" time="0.005"/>
  <system-out/>
</testsuite> <!-- testMgg.basic_test_ng -->
