<?xml version="1.0" encoding="UTF-8"?>
<!-- Generated by org.testng.reporters.JUnitReportReporter -->
<testsuite hostname="DESKTOP-KG5USG9" failures="0" tests="6" name="testMgg.data_provider_demo" time="0.045" errors="0" timestamp="2023-02-25T16:36:47 IST" skipped="0">
  <testcase classname="testMgg.data_provider_demo" name="f" time="0.003"/>
  <system-out/>
  <testcase classname="testMgg.data_provider_demo" name="f" time="0.026"/>
  <system-out/>
  <testcase classname="testMgg.data_provider_demo" name="f" time="0.004"/>
  <system-out/>
  <testcase classname="testMgg.data_provider_demo" name="f" time="0.004"/>
  <system-out/>
  <testcase classname="testMgg.data_provider_demo" name="f" time="0.004"/>
  <system-out/>
  <testcase classname="testMgg.data_provider_demo" name="f" time="0.004"/>
  <system-out/>
</testsuite> <!-- testMgg.data_provider_demo -->
