<?xml version="1.0" encoding="UTF-8"?>
<!-- Generated by org.testng.reporters.JUnitReportReporter -->
<testsuite hostname="DESKTOP-KG5USG9" failures="0" tests="6" name="testMgg.paramtest" time="0.063" errors="0" timestamp="2023-02-25T23:23:15 IST" skipped="0">
  <testcase classname="testMgg.paramtest" name="add" time="0.005"/>
  <system-out>
    <![CDATA[failed]]>
  </system-out>
  <testcase classname="testMgg.paramtest" name="add" time="0.005"/>
  <system-out>
    <![CDATA[failed]]>
  </system-out>
  <testcase classname="testMgg.paramtest" name="add" time="0.006"/>
  <system-out>
    <![CDATA[failed]]>
  </system-out>
  <testcase classname="testMgg.paramtest" name="suub" time="0.005"/>
  <system-out/>
  <testcase classname="testMgg.paramtest" name="add" time="0.035"/>
  <system-out>
    <![CDATA[failed]]>
  </system-out>
  <testcase classname="testMgg.paramtest" name="add" time="0.007"/>
  <system-out>
    <![CDATA[failed]]>
  </system-out>
</testsuite> <!-- testMgg.paramtest -->
