<?xml version="1.0" encoding="UTF-8"?>
<!-- Generated by org.testng.reporters.JUnitReportReporter -->
<testsuite hostname="DESKTOP-KG5USG9" failures="0" tests="3" name="testMgg.mouse_hover" time="53.339" errors="0" timestamp="2023-02-23T20:15:09 IST" skipped="0">
  <testcase classname="testMgg.mouse_hover" name="setup" time="52.268"/>
  <system-out/>
  <testcase classname="testMgg.mouse_hover" name="hover" time="0.425"/>
  <system-out/>
  <testcase classname="testMgg.mouse_hover" name="ss" time="0.646"/>
  <system-out/>
</testsuite> <!-- testMgg.mouse_hover -->
