<?xml version="1.0" encoding="UTF-8"?>
<!-- Generated by org.testng.reporters.JUnitReportReporter -->
<testsuite hostname="DESKTOP-KG5USG9" failures="0" tests="2" name="testMgg.excel_facebook" time="101.844" errors="0" timestamp="2023-02-27T10:53:14 IST" skipped="0">
  <testcase classname="testMgg.excel_facebook" name="f" time="101.307"/>
  <system-out/>
  <testcase classname="testMgg.excel_facebook" name="alert" time="0.537"/>
  <system-out/>
</testsuite> <!-- testMgg.excel_facebook -->
