<?xml version="1.0" encoding="UTF-8"?>
<!-- Generated by org.testng.reporters.JUnitReportReporter -->
<testsuite hostname="DESKTOP-KG5USG9" failures="0" tests="1" name="testMgg.excel_browser" time="36.914" errors="0" timestamp="2023-02-26T19:33:36 IST" skipped="0">
  <testcase classname="testMgg.excel_browser" name="f" time="36.914"/>
  <system-out/>
</testsuite> <!-- testMgg.excel_browser -->
