<?xml version="1.0" encoding="UTF-8"?>
<!-- Generated by org.testng.reporters.JUnitReportReporter -->
<testsuite hostname="DESKTOP-KG5USG9" failures="0" tests="1" name="testMgg.xecell" time="3.826" errors="0" timestamp="2023-02-26T18:40:30 IST" skipped="0">
  <testcase classname="testMgg.xecell" name="f" time="3.826"/>
  <system-out/>
</testsuite> <!-- testMgg.xecell -->
