<?xml version="1.0" encoding="UTF-8"?>
<!-- Generated by org.testng.reporters.JUnitReportReporter -->
<testsuite hostname="DESKTOP-KG5USG9" failures="0" tests="1" name="testMgg.Assert_equlas" time="25.839" errors="0" timestamp="2023-03-18T10:38:25 IST" skipped="0">
  <testcase classname="testMgg.Assert_equlas" name="tile" time="25.839"/>
  <system-out/>
</testsuite> <!-- testMgg.Assert_equlas -->
