<?xml version="1.0" encoding="UTF-8"?>
<!-- Generated by org.testng.reporters.JUnitReportReporter -->
<testsuite hostname="DESKTOP-KG5USG9" failures="0" tests="5" name="testMgg.data_provider_ex2" time="91.136" errors="0" timestamp="2023-02-25T22:12:15 IST" skipped="0">
  <testcase classname="testMgg.data_provider_ex2" name="f" time="16.372"/>
  <system-out/>
  <testcase classname="testMgg.data_provider_ex2" name="f" time="23.698"/>
  <system-out/>
  <testcase classname="testMgg.data_provider_ex2" name="f" time="22.111"/>
  <system-out/>
  <testcase classname="testMgg.data_provider_ex2" name="ss" time="9.255"/>
  <system-out/>
  <testcase classname="testMgg.data_provider_ex2" name="f" time="19.700"/>
  <system-out/>
</testsuite> <!-- testMgg.data_provider_ex2 -->
