<?xml version="1.0" encoding="UTF-8"?>
<!-- Generated by org.testng.reporters.JUnitReportReporter -->
<testsuite hostname="DESKTOP-KG5USG9" failures="0" tests="2" name="testMgg.basic_2" time="42.665" errors="0" timestamp="2023-02-23T15:54:59 IST" skipped="0">
  <testcase classname="testMgg.basic_2" name="f" time="9.924"/>
  <system-out/>
  <testcase classname="testMgg.basic_2" name="title" time="32.741"/>
  <system-out/>
</testsuite> <!-- testMgg.basic_2 -->
