<?xml version="1.0" encoding="UTF-8"?>
<!-- Generated by org.testng.reporters.JUnitReportReporter -->
<testsuite hostname="DESKTOP-KG5USG9" failures="0" tests="4" name="testMgg.sAsserttss" time="62.720" errors="0" timestamp="2023-02-26T14:12:47 IST" skipped="0">
  <testcase classname="testMgg.sAsserttss" name="ss" time="7.088"/>
  <system-out/>
  <testcase classname="testMgg.sAsserttss" name="title" time="0.252"/>
  <system-out/>
  <testcase classname="testMgg.sAsserttss" name="logo" time="0.597"/>
  <system-out/>
  <testcase classname="testMgg.sAsserttss" name="f" time="54.783"/>
  <system-out>
    <![CDATA[succefully navigates to url]]>
  </system-out>
</testsuite> <!-- testMgg.sAsserttss -->
